<?xml version="1.0" encoding="UTF-8"?>
<testng-results skipped="0" failed="1" ignored="0" total="5" passed="4">
  <reporter-output>
  </reporter-output>
  <suite name="testData.data01.DataProviderTest" duration-ms="44" started-at="2020-10-28T22:03:20 SGT" finished-at="2020-10-28T22:03:20 SGT">
    <groups>
    </groups>
    <test name="Command line test" duration-ms="44" started-at="2020-10-28T22:03:20 SGT" finished-at="2020-10-28T22:03:20 SGT">
      <class name="testData.data01.DataProviderTest">
        <test-method status="PASS" signature="testArrayDataProvider(java.lang.String, java.lang.String, java.lang.String)[pri:0, instance:testData.data01.DataProviderTest@520a3426]" name="testArrayDataProvider" duration-ms="2" started-at="2020-10-28T22:03:20 SGT" data-provider="dataIteratorProvider" finished-at="2020-10-28T22:03:20 SGT">
          <params>
            <param index="0">
              <value>
                <![CDATA[1001]]>
              </value>
            </param>
            <param index="1">
              <value>
                <![CDATA[101]]>
              </value>
            </param>
            <param index="2">
              <value>
                <![CDATA[111]]>
              </value>
            </param>
          </params>
          <reporter-output>
          </reporter-output>
        </test-method> <!-- testArrayDataProvider -->
        <test-method status="PASS" signature="testArrayDataProvider(java.lang.String, java.lang.String, java.lang.String)[pri:0, instance:testData.data01.DataProviderTest@520a3426]" name="testArrayDataProvider" duration-ms="0" started-at="2020-10-28T22:03:20 SGT" data-provider="dataIteratorProvider" finished-at="2020-10-28T22:03:20 SGT">
          <params>
            <param index="0">
              <value>
                <![CDATA[200]]>
              </value>
            </param>
            <param index="1">
              <value>
                <![CDATA[202]]>
              </value>
            </param>
            <param index="2">
              <value>
                <![CDATA[222]]>
              </value>
            </param>
          </params>
          <reporter-output>
          </reporter-output>
        </test-method> <!-- testArrayDataProvider -->
        <test-method status="PASS" signature="testArrayDataProvider(java.lang.String, java.lang.String, java.lang.String)[pri:0, instance:testData.data01.DataProviderTest@520a3426]" name="testArrayDataProvider" duration-ms="0" started-at="2020-10-28T22:03:20 SGT" data-provider="dataIteratorProvider" finished-at="2020-10-28T22:03:20 SGT">
          <params>
            <param index="0">
              <value>
                <![CDATA[300]]>
              </value>
            </param>
            <param index="1">
              <value>
                <![CDATA[303]]>
              </value>
            </param>
            <param index="2">
              <value>
                <![CDATA[333]]>
              </value>
            </param>
          </params>
          <reporter-output>
          </reporter-output>
        </test-method> <!-- testArrayDataProvider -->
        <test-method status="PASS" signature="testArrayDataProvider(java.lang.String, java.lang.String, java.lang.String)[pri:0, instance:testData.data01.DataProviderTest@520a3426]" name="testArrayDataProvider" duration-ms="1" started-at="2020-10-28T22:03:20 SGT" data-provider="dataIteratorProvider" finished-at="2020-10-28T22:03:20 SGT">
          <params>
            <param index="0">
              <value>
                <![CDATA[400]]>
              </value>
            </param>
            <param index="1">
              <value>
                <![CDATA[404]]>
              </value>
            </param>
            <param index="2">
              <value>
                <![CDATA[444]]>
              </value>
            </param>
          </params>
          <reporter-output>
          </reporter-output>
        </test-method> <!-- testArrayDataProvider -->
        <test-method status="FAIL" signature="testMapDataProvider(java.util.HashMap)[pri:0, instance:testData.data01.DataProviderTest@520a3426]" name="testMapDataProvider" duration-ms="0" started-at="2020-10-28T22:03:20 SGT" data-provider="mapDataProvider1" finished-at="2020-10-28T22:03:20 SGT">
          <exception class="org.testng.TestNGException">
            <message>
              <![CDATA[
Method public void testData.data01.DataProviderTest.testMapDataProvider(java.util.HashMap) requires a @DataProvider named : mapDataProvider1]]>
            </message>
            <full-stacktrace>
              <![CDATA[org.testng.TestNGException: 
Method public void testData.data01.DataProviderTest.testMapDataProvider(java.util.HashMap) requires a @DataProvider named : mapDataProvider1
at org.testng.internal.Parameters.findDataProvider(Parameters.java:559)
at org.testng.internal.Parameters.handleParameters(Parameters.java:772)
at org.testng.internal.Parameters.handleParameters(Parameters.java:740)
at org.testng.internal.ParameterHandler.handleParameters(ParameterHandler.java:59)
at org.testng.internal.ParameterHandler.createParameters(ParameterHandler.java:38)
at org.testng.internal.TestInvoker$MethodInvocationAgent.invoke(TestInvoker.java:789)
at org.testng.internal.TestInvoker.invokeTestMethods(TestInvoker.java:147)
at org.testng.internal.TestMethodWorker.invokeTestMethods(TestMethodWorker.java:146)
at org.testng.internal.TestMethodWorker.run(TestMethodWorker.java:128)
at java.util.ArrayList.forEach(ArrayList.java:1257)
at org.testng.TestRunner.privateRun(TestRunner.java:764)
at org.testng.TestRunner.run(TestRunner.java:585)
at org.testng.SuiteRunner.runTest(SuiteRunner.java:384)
at org.testng.SuiteRunner.runSequentially(SuiteRunner.java:378)
at org.testng.SuiteRunner.privateRun(SuiteRunner.java:337)
at org.testng.SuiteRunner.run(SuiteRunner.java:286)
at org.testng.SuiteRunnerWorker.runSuite(SuiteRunnerWorker.java:53)
at org.testng.SuiteRunnerWorker.run(SuiteRunnerWorker.java:96)
at org.testng.TestNG.runSuitesSequentially(TestNG.java:1218)
at org.testng.TestNG.runSuitesLocally(TestNG.java:1140)
at org.testng.TestNG.runSuites(TestNG.java:1069)
at org.testng.TestNG.run(TestNG.java:1037)
at org.apache.maven.surefire.testng.TestNGExecutor.run(TestNGExecutor.java:77)
at org.apache.maven.surefire.testng.TestNGDirectoryTestSuite.execute(TestNGDirectoryTestSuite.java:110)
at org.apache.maven.surefire.testng.TestNGProvider.invoke(TestNGProvider.java:106)
at sun.reflect.NativeMethodAccessorImpl.invoke0(Native Method)
at sun.reflect.NativeMethodAccessorImpl.invoke(NativeMethodAccessorImpl.java:62)
at sun.reflect.DelegatingMethodAccessorImpl.invoke(DelegatingMethodAccessorImpl.java:43)
at java.lang.reflect.Method.invoke(Method.java:498)
at org.apache.maven.surefire.util.ReflectionUtils.invokeMethodWithArray(ReflectionUtils.java:189)
at org.apache.maven.surefire.booter.ProviderFactory$ProviderProxy.invoke(ProviderFactory.java:165)
at org.apache.maven.surefire.booter.ProviderFactory.invokeProvider(ProviderFactory.java:85)
at org.apache.maven.surefire.booter.ForkedBooter.runSuitesInProcess(ForkedBooter.java:115)
at org.apache.maven.surefire.booter.ForkedBooter.main(ForkedBooter.java:75)
]]>
            </full-stacktrace>
          </exception> <!-- org.testng.TestNGException -->
          <reporter-output>
          </reporter-output>
        </test-method> <!-- testMapDataProvider -->
      </class> <!-- testData.data01.DataProviderTest -->
    </test> <!-- Command line test -->
  </suite> <!-- testData.data01.DataProviderTest -->
</testng-results>
