<?xml version="1.0" encoding="UTF-8"?>
<!-- Generated by org.testng.reporters.JUnitXMLReporter -->
<testsuite hostname="Adam" ignored="0" name="Command line test" tests="5" failures="1" timestamp="2020-10-28T22:03:20 SGT" time="0.044" errors="0">
  <testcase name="testArrayDataProvider" time="0.002" classname="testData.data01.DataProviderTest"/>
  <testcase name="testArrayDataProvider" time="0.0" classname="testData.data01.DataProviderTest"/>
  <testcase name="testArrayDataProvider" time="0.0" classname="testData.data01.DataProviderTest"/>
  <testcase name="testArrayDataProvider" time="0.001" classname="testData.data01.DataProviderTest"/>
  <testcase name="testMapDataProvider" time="0.0" classname="testData.data01.DataProviderTest">
    <failure type="org.testng.TestNGException" message="
Method public void testData.data01.DataProviderTest.testMapDataProvider(java.util.HashMap) requires a @DataProvider named : mapDataProvider1">
      <![CDATA[org.testng.TestNGException: 
Method public void testData.data01.DataProviderTest.testMapDataProvider(java.util.HashMap) requires a @DataProvider named : mapDataProvider1
at java.util.ArrayList.forEach(ArrayList.java:1257)
... Removed 33 stack frames]]>
    </failure>
  </testcase> <!-- testMapDataProvider -->
</testsuite> <!-- Command line test -->
